0 info it worked if it ends with ok
1 verbose cli [ 'C:\\Program Files\\nodejs\\node.exe',
1 verbose cli   'C:\\Program Files\\nodejs\\node_modules\\npm\\bin\\npm-cli.js',
1 verbose cli   'install',
1 verbose cli   'normalize.css' ]
2 info using npm@2.14.7
3 info using node@v4.2.1
4 verbose install initial load of C:\xampp\htdocs\phpfiler\kvindesmedien\package.json
5 warn package.json gruntskabelon@1.0.0 No description
6 warn package.json gruntskabelon@1.0.0 No repository field.
7 warn package.json gruntskabelon@1.0.0 No README data
8 verbose installManyTop reading scoped package data from C:\xampp\htdocs\phpfiler\kvindesmedien\node_modules\grunt\package.json
9 verbose installManyTop reading scoped package data from C:\xampp\htdocs\phpfiler\kvindesmedien\node_modules\grunt-autoprefixer\package.json
10 verbose installManyTop reading scoped package data from C:\xampp\htdocs\phpfiler\kvindesmedien\node_modules\grunt-browser-sync\package.json
11 verbose installManyTop reading scoped package data from C:\xampp\htdocs\phpfiler\kvindesmedien\node_modules\grunt-contrib-concat\package.json
12 verbose installManyTop reading scoped package data from C:\xampp\htdocs\phpfiler\kvindesmedien\node_modules\grunt-contrib-copy\package.json
13 verbose installManyTop reading scoped package data from C:\xampp\htdocs\phpfiler\kvindesmedien\node_modules\grunt-contrib-cssmin\package.json
14 verbose installManyTop reading scoped package data from C:\xampp\htdocs\phpfiler\kvindesmedien\node_modules\grunt-contrib-imagemin\package.json
15 verbose installManyTop reading scoped package data from C:\xampp\htdocs\phpfiler\kvindesmedien\node_modules\grunt-contrib-jshint\package.json
16 verbose installManyTop reading scoped package data from C:\xampp\htdocs\phpfiler\kvindesmedien\node_modules\grunt-contrib-less\package.json
17 verbose installManyTop reading scoped package data from C:\xampp\htdocs\phpfiler\kvindesmedien\node_modules\grunt-contrib-uglify\package.json
18 verbose installManyTop reading scoped package data from C:\xampp\htdocs\phpfiler\kvindesmedien\node_modules\grunt-contrib-watch\package.json
19 verbose installManyTop reading scoped package data from C:\xampp\htdocs\phpfiler\kvindesmedien\node_modules\grunt-html-validation\package.json
20 verbose installManyTop reading scoped package data from C:\xampp\htdocs\phpfiler\kvindesmedien\node_modules\grunt-w3c-validation\package.json
21 info package.json grunt-browser-sync@2.2.0 No license field.
22 info package.json grunt-contrib-concat@0.5.1 No license field.
23 info package.json grunt-contrib-imagemin@0.9.4 No license field.
24 info package.json grunt-contrib-watch@0.6.1 No license field.
25 info package.json grunt-html-validation@0.1.18 No license field.
26 info package.json grunt-w3c-validation@0.1.16 No license field.
27 verbose readDependencies loading dependencies from C:\xampp\htdocs\phpfiler\kvindesmedien\package.json
28 silly cache add args [ 'normalize.css', null ]
29 verbose cache add spec normalize.css
30 silly cache add parsed spec Result {
30 silly cache add   raw: 'normalize.css',
30 silly cache add   scope: null,
30 silly cache add   name: 'normalize.css',
30 silly cache add   rawSpec: '',
30 silly cache add   spec: '*',
30 silly cache add   type: 'range' }
31 silly addNamed normalize.css@*
32 verbose addNamed "*" is a valid semver range for normalize.css
33 silly addNameRange { name: 'normalize.css', range: '*', hasData: false }
34 silly mapToRegistry name normalize.css
35 silly mapToRegistry using default registry
36 silly mapToRegistry registry https://registry.npmjs.org/
37 silly mapToRegistry uri https://registry.npmjs.org/normalize.css
38 verbose addNameRange registry:https://registry.npmjs.org/normalize.css not in flight; fetching
39 verbose request uri https://registry.npmjs.org/normalize.css
40 verbose request no auth needed
41 info attempt registry request try #1 at 16:25:28
42 verbose request id f982330f60b22c36
43 http request GET https://registry.npmjs.org/normalize.css
44 http 200 https://registry.npmjs.org/normalize.css
45 verbose headers { server: 'CouchDB/1.5.0 (Erlang OTP/R16B03)',
45 verbose headers   etag: '"60RG48AAGOPJ0HDFY6ERM662J"',
45 verbose headers   'content-type': 'application/json',
45 verbose headers   'content-encoding': 'gzip',
45 verbose headers   'cache-control': 'max-age=300',
45 verbose headers   'content-length': '4149',
45 verbose headers   'accept-ranges': 'bytes',
45 verbose headers   date: 'Mon, 09 May 2016 14:25:28 GMT',
45 verbose headers   via: '1.1 varnish',
45 verbose headers   age: '19',
45 verbose headers   connection: 'keep-alive',
45 verbose headers   'x-served-by': 'cache-ams4144-AMS',
45 verbose headers   'x-cache': 'HIT',
45 verbose headers   'x-cache-hits': '1',
45 verbose headers   'x-timer': 'S1462803928.472607,VS0,VE0',
45 verbose headers   vary: 'Accept-Encoding' }
46 silly get cb [ 200,
46 silly get   { server: 'CouchDB/1.5.0 (Erlang OTP/R16B03)',
46 silly get     etag: '"60RG48AAGOPJ0HDFY6ERM662J"',
46 silly get     'content-type': 'application/json',
46 silly get     'content-encoding': 'gzip',
46 silly get     'cache-control': 'max-age=300',
46 silly get     'content-length': '4149',
46 silly get     'accept-ranges': 'bytes',
46 silly get     date: 'Mon, 09 May 2016 14:25:28 GMT',
46 silly get     via: '1.1 varnish',
46 silly get     age: '19',
46 silly get     connection: 'keep-alive',
46 silly get     'x-served-by': 'cache-ams4144-AMS',
46 silly get     'x-cache': 'HIT',
46 silly get     'x-cache-hits': '1',
46 silly get     'x-timer': 'S1462803928.472607,VS0,VE0',
46 silly get     vary: 'Accept-Encoding' } ]
47 verbose get saving normalize.css to C:\Users\Administrator.sp3-HP\AppData\Roaming\npm-cache\registry.npmjs.org\normalize.css\.cache.json
48 silly addNameRange number 2 { name: 'normalize.css', range: '*', hasData: true }
49 silly addNameRange versions [ 'normalize.css',
49 silly addNameRange   [ '0.0.1', '3.0.1', '3.0.2', '3.0.3', '4.0.0', '4.1.0', '4.1.1' ] ]
50 silly addNamed normalize.css@4.1.1
51 verbose addNamed "4.1.1" is a plain semver version for normalize.css
52 silly mapToRegistry name normalize.css
53 silly mapToRegistry using default registry
54 silly mapToRegistry registry https://registry.npmjs.org/
55 silly mapToRegistry uri https://registry.npmjs.org/normalize.css
56 verbose addRemoteTarball https://registry.npmjs.org/normalize.css/-/normalize.css-4.1.1.tgz not in flight; adding
57 verbose addRemoteTarball [ 'https://registry.npmjs.org/normalize.css/-/normalize.css-4.1.1.tgz',
57 verbose addRemoteTarball   '4f0b1d5a235383252b04d8566b866cc5fcad9f0c' ]
58 info retry fetch attempt 1 at 16:25:28
59 info attempt registry request try #1 at 16:25:28
60 http fetch GET https://registry.npmjs.org/normalize.css/-/normalize.css-4.1.1.tgz
61 http fetch 200 https://registry.npmjs.org/normalize.css/-/normalize.css-4.1.1.tgz
62 silly fetchAndShaCheck shasum 4f0b1d5a235383252b04d8566b866cc5fcad9f0c
63 verbose addTmpTarball C:\Users\ADMINI~1.SP3\AppData\Local\Temp\npm-6264-ebf40e5a\registry.npmjs.org\normalize.css\-\normalize.css-4.1.1.tgz not in flight; adding
64 verbose addTmpTarball already have metadata; skipping unpack for normalize.css@4.1.1
65 silly cache afterAdd normalize.css@4.1.1
66 verbose afterAdd C:\Users\Administrator.sp3-HP\AppData\Roaming\npm-cache\normalize.css\4.1.1\package\package.json not in flight; writing
67 verbose afterAdd C:\Users\Administrator.sp3-HP\AppData\Roaming\npm-cache\normalize.css\4.1.1\package\package.json written
68 silly install resolved [ { name: 'normalize.css',
68 silly install resolved     version: '4.1.1',
68 silly install resolved     description: 'A modern alternative to CSS resets',
68 silly install resolved     main: 'normalize.css',
68 silly install resolved     style: 'normalize.css',
68 silly install resolved     files: [ 'LICENSE.md', 'normalize.css' ],
68 silly install resolved     devDependencies: { stylelint: '^5.4.0', 'stylelint-config-standard': '^5.0.0' },
68 silly install resolved     scripts: { test: 'stylelint normalize.css' },
68 silly install resolved     repository:
68 silly install resolved      { type: 'git',
68 silly install resolved        url: 'git+https://github.com/necolas/normalize.css.git' },
68 silly install resolved     contributors: [ [Object], [Object] ],
68 silly install resolved     license: 'MIT',
68 silly install resolved     bugs: { url: 'https://github.com/necolas/normalize.css/issues' },
68 silly install resolved     homepage: 'https://necolas.github.io/normalize.css#readme',
68 silly install resolved     stylelint: { extends: 'stylelint-config-standard' },
68 silly install resolved     gitHead: '39c21b3678ff1ebd2aebc51ec56d55d18a5a68e3',
68 silly install resolved     _id: 'normalize.css@4.1.1',
68 silly install resolved     _shasum: '4f0b1d5a235383252b04d8566b866cc5fcad9f0c',
68 silly install resolved     _from: 'normalize.css@*',
68 silly install resolved     _npmVersion: '3.7.5',
68 silly install resolved     _nodeVersion: '5.4.1',
68 silly install resolved     _npmUser: { name: 'jonathantneal', email: 'jonathantneal@hotmail.com' },
68 silly install resolved     dist:
68 silly install resolved      { shasum: '4f0b1d5a235383252b04d8566b866cc5fcad9f0c',
68 silly install resolved        tarball: 'https://registry.npmjs.org/normalize.css/-/normalize.css-4.1.1.tgz' },
68 silly install resolved     maintainers: [ [Object], [Object], [Object] ],
68 silly install resolved     _npmOperationalInternal:
68 silly install resolved      { host: 'packages-12-west.internal.npmjs.com',
68 silly install resolved        tmp: 'tmp/normalize.css-4.1.1.tgz_1460465805641_0.36554792197421193' },
68 silly install resolved     directories: {},
68 silly install resolved     _resolved: 'https://registry.npmjs.org/normalize.css/-/normalize.css-4.1.1.tgz' } ]
69 info install normalize.css@4.1.1 into C:\xampp\htdocs\phpfiler\kvindesmedien
70 info installOne normalize.css@4.1.1
71 verbose installOne of normalize.css to C:\xampp\htdocs\phpfiler\kvindesmedien not in flight; installing
72 verbose lock using C:\Users\Administrator.sp3-HP\AppData\Roaming\npm-cache\_locks\normalize-css-28a36f316f06d754.lock for C:\xampp\htdocs\phpfiler\kvindesmedien\node_modules\normalize.css
73 silly install write writing normalize.css 4.1.1 to C:\xampp\htdocs\phpfiler\kvindesmedien\node_modules\normalize.css
74 verbose unbuild node_modules\normalize.css
75 silly gentlyRm C:\xampp\htdocs\phpfiler\kvindesmedien\node_modules\normalize.css is being purged from base C:\xampp\htdocs\phpfiler\kvindesmedien
76 verbose gentlyRm don't care about contents; nuking C:\xampp\htdocs\phpfiler\kvindesmedien\node_modules\normalize.css
77 verbose tar unpack C:\Users\Administrator.sp3-HP\AppData\Roaming\npm-cache\normalize.css\4.1.1\package.tgz
78 verbose tar unpacking to C:\xampp\htdocs\phpfiler\kvindesmedien\node_modules\normalize.css
79 silly gentlyRm C:\xampp\htdocs\phpfiler\kvindesmedien\node_modules\normalize.css is being purged
80 verbose gentlyRm don't care about contents; nuking C:\xampp\htdocs\phpfiler\kvindesmedien\node_modules\normalize.css
81 silly gunzTarPerm modes [ '777', '666' ]
82 silly gunzTarPerm extractEntry package.json
83 silly gunzTarPerm modified mode [ 'package.json', 420, 438 ]
84 silly gunzTarPerm extractEntry README.md
85 silly gunzTarPerm modified mode [ 'README.md', 420, 438 ]
86 silly gunzTarPerm extractEntry LICENSE.md
87 silly gunzTarPerm modified mode [ 'LICENSE.md', 420, 438 ]
88 silly gunzTarPerm extractEntry CHANGELOG.md
89 silly gunzTarPerm modified mode [ 'CHANGELOG.md', 420, 438 ]
90 silly gunzTarPerm extractEntry normalize.css
91 silly gunzTarPerm modified mode [ 'normalize.css', 420, 438 ]
92 verbose write writing to C:\xampp\htdocs\phpfiler\kvindesmedien\node_modules\normalize.css\package.json
93 info preinstall normalize.css@4.1.1
94 verbose readDependencies loading dependencies from C:\xampp\htdocs\phpfiler\kvindesmedien\node_modules\normalize.css\package.json
95 verbose readDependencies loading dependencies from C:\xampp\htdocs\phpfiler\kvindesmedien\node_modules\normalize.css\package.json
96 silly install resolved []
97 verbose about to build C:\xampp\htdocs\phpfiler\kvindesmedien\node_modules\normalize.css
98 info build C:\xampp\htdocs\phpfiler\kvindesmedien\node_modules\normalize.css
99 info linkStuff normalize.css@4.1.1
100 silly linkStuff normalize.css@4.1.1 has C:\xampp\htdocs\phpfiler\kvindesmedien\node_modules as its parent node_modules
101 verbose linkBins normalize.css@4.1.1
102 verbose linkMans normalize.css@4.1.1
103 verbose rebuildBundles normalize.css@4.1.1
104 info install normalize.css@4.1.1
105 info postinstall normalize.css@4.1.1
106 verbose unlock done using C:\Users\Administrator.sp3-HP\AppData\Roaming\npm-cache\_locks\normalize-css-28a36f316f06d754.lock for C:\xampp\htdocs\phpfiler\kvindesmedien\node_modules\normalize.css
107 verbose validateInstall loading C:\xampp\htdocs\phpfiler\kvindesmedien\package.json for validation
108 verbose stack Error: The package grunt@1.0.1 does not satisfy its siblings' peerDependencies requirements!
108 verbose stack     at C:\Program Files\nodejs\node_modules\npm\lib\install.js:125:32
108 verbose stack     at C:\Program Files\nodejs\node_modules\npm\lib\install.js:268:7
108 verbose stack     at C:\Program Files\nodejs\node_modules\npm\node_modules\read-installed\read-installed.js:142:5
108 verbose stack     at C:\Program Files\nodejs\node_modules\npm\node_modules\read-installed\read-installed.js:263:14
108 verbose stack     at cb (C:\Program Files\nodejs\node_modules\npm\node_modules\slide\lib\async-map.js:47:24)
108 verbose stack     at C:\Program Files\nodejs\node_modules\npm\node_modules\read-installed\read-installed.js:263:14
108 verbose stack     at cb (C:\Program Files\nodejs\node_modules\npm\node_modules\slide\lib\async-map.js:47:24)
108 verbose stack     at C:\Program Files\nodejs\node_modules\npm\node_modules\read-installed\read-installed.js:263:14
108 verbose stack     at cb (C:\Program Files\nodejs\node_modules\npm\node_modules\slide\lib\async-map.js:47:24)
108 verbose stack     at C:\Program Files\nodejs\node_modules\npm\node_modules\read-installed\read-installed.js:263:14
109 verbose cwd C:\xampp\htdocs\phpfiler\kvindesmedien
110 error Windows_NT 6.1.7601
111 error argv "C:\\Program Files\\nodejs\\node.exe" "C:\\Program Files\\nodejs\\node_modules\\npm\\bin\\npm-cli.js" "install" "normalize.css"
112 error node v4.2.1
113 error npm  v2.14.7
114 error code EPEERINVALID
115 error peerinvalid The package grunt@1.0.1 does not satisfy its siblings' peerDependencies requirements!
115 error peerinvalid Peer grunt-contrib-concat@0.5.1 wants grunt@>=0.4.0
115 error peerinvalid Peer grunt-contrib-copy@0.8.2 wants grunt@>=0.4.0
115 error peerinvalid Peer grunt-autoprefixer@3.0.4 wants grunt@>=0.4.2
115 error peerinvalid Peer grunt-contrib-watch@0.6.1 wants grunt@~0.4.0
115 error peerinvalid Peer grunt-contrib-jshint@0.11.3 wants grunt@>=0.4.0
115 error peerinvalid Peer grunt-html-validation@0.1.18 wants grunt@~0.4.1
115 error peerinvalid Peer grunt-w3c-validation@0.1.16 wants grunt@~0.4.1
115 error peerinvalid Peer grunt-contrib-imagemin@0.9.4 wants grunt@>=0.4.0
115 error peerinvalid Peer grunt-contrib-cssmin@0.14.0 wants grunt@>=0.4.0
115 error peerinvalid Peer grunt-contrib-uglify@0.9.2 wants grunt@>=0.4.0
116 verbose exit [ 1, true ]
